Arguments: 
  C:\Program Files\nodejs\node.exe C:\Users\prive\AppData\Roaming\npm\node_modules\yarn\bin\yarn.js

PATH: 
  C:\Users\prive\bin;C:\Program Files\Git\mingw64\bin;C:\Program Files\Git\usr\local\bin;C:\Program Files\Git\usr\bin;C:\Program Files\Git\usr\bin;C:\Program Files\Git\mingw64\bin;C:\Program Files\Git\usr\bin;C:\Users\prive\bin;C:\Python310\Scripts;C:\Python310;C:\Windows\system32;C:\Windows;C:\Windows\System32\Wbem;C:\Windows\System32\WindowsPowerShell\v1.0;C:\Windows\System32\OpenSSH;C:\Program Files\Git\cmd;C:\Program Files\nodejs;C:\ProgramData\chocolatey\bin;C:\Users\prive\AppData\Local\Microsoft\WindowsApps;C:\Users\prive\AppData\Local\Programs\Microsoft VS Code\bin;C:\Users\prive\AppData\Local\GitHubDesktop\bin;C:\Users\prive\AppData\Roaming\npm;D:\usr\local\java\IntelliJ IDEA Community Edition 2023.2.2\bin;C:\Program Files\Git\usr\bin\vendor_perl;C:\Program Files\Git\usr\bin\core_perl

Yarn version: 
  1.22.19

Node version: 
  16.17.0

Platform: 
  win32 x64

Trace: 
  SyntaxError: C:\Users\prive\OneDrive\Рабочий стол\serverless-academy\serverless-academy\01-CLI-Primative-DB-inquirer\package.json: Unexpected end of JSON input
      at JSON.parse (<anonymous>)
      at C:\Users\prive\AppData\Roaming\npm\node_modules\yarn\lib\cli.js:1629:59
      at Generator.next (<anonymous>)
      at step (C:\Users\prive\AppData\Roaming\npm\node_modules\yarn\lib\cli.js:310:30)
      at C:\Users\prive\AppData\Roaming\npm\node_modules\yarn\lib\cli.js:321:13

npm manifest: 
  

yarn manifest: 
  No manifest

Lockfile: 
  No lockfile
